Determining if the pthread_create exist failed with the following output:
Change Dir: /home/mrc/sf_workspace/SFND_Lidar_Obstacle_Detection/build/CMakeFiles/CMakeTmp

Run Build Command:"/usr/bin/make" "cmTC_4c30d/fast"
/usr/bin/make -f CMakeFiles/cmTC_4c30d.dir/build.make CMakeFiles/cmTC_4c30d.dir/build
make[1]: Entering directory '/home/mrc/sf_workspace/SFND_Lidar_Obstacle_Detection/build/CMakeFiles/CMakeTmp'
Building C object CMakeFiles/cmTC_4c30d.dir/CheckSymbolExists.c.o
/usr/bin/cc    -o CMakeFiles/cmTC_4c30d.dir/CheckSymbolExists.c.o   -c /home/mrc/sf_workspace/SFND_Lidar_Obstacle_Detection/build/CMakeFiles/CMakeTmp/CheckSymbolExists.c
Linking C executable cmTC_4c30d
/usr/bin/cmake -E cmake_link_script CMakeFiles/cmTC_4c30d.dir/link.txt --verbose=1
/usr/bin/cc      -rdynamic CMakeFiles/cmTC_4c30d.dir/CheckSymbolExists.c.o  -o cmTC_4c30d 
CMakeFiles/cmTC_4c30d.dir/CheckSymbolExists.c.o: In function `main':
CheckSymbolExists.c:(.text+0x1b): undefined reference to `pthread_create'
collect2: error: ld returned 1 exit status
CMakeFiles/cmTC_4c30d.dir/build.make:97: recipe for target 'cmTC_4c30d' failed
make[1]: *** [cmTC_4c30d] Error 1
make[1]: Leaving directory '/home/mrc/sf_workspace/SFND_Lidar_Obstacle_Detection/build/CMakeFiles/CMakeTmp'
Makefile:126: recipe for target 'cmTC_4c30d/fast' failed
make: *** [cmTC_4c30d/fast] Error 2

File /home/mrc/sf_workspace/SFND_Lidar_Obstacle_Detection/build/CMakeFiles/CMakeTmp/CheckSymbolExists.c:
/* */
#include <pthread.h>

int main(int argc, char** argv)
{
  (void)argv;
#ifndef pthread_create
  return ((int*)(&pthread_create))[argc];
#else
  (void)argc;
  return 0;
#endif
}

Determining if the function pthread_create exists in the pthreads failed with the following output:
Change Dir: /home/mrc/sf_workspace/SFND_Lidar_Obstacle_Detection/build/CMakeFiles/CMakeTmp

Run Build Command:"/usr/bin/make" "cmTC_ec6a7/fast"
/usr/bin/make -f CMakeFiles/cmTC_ec6a7.dir/build.make CMakeFiles/cmTC_ec6a7.dir/build
make[1]: Entering directory '/home/mrc/sf_workspace/SFND_Lidar_Obstacle_Detection/build/CMakeFiles/CMakeTmp'
Building C object CMakeFiles/cmTC_ec6a7.dir/CheckFunctionExists.c.o
/usr/bin/cc   -DCHECK_FUNCTION_EXISTS=pthread_create   -o CMakeFiles/cmTC_ec6a7.dir/CheckFunctionExists.c.o   -c /usr/share/cmake-3.10/Modules/CheckFunctionExists.c
Linking C executable cmTC_ec6a7
/usr/bin/cmake -E cmake_link_script CMakeFiles/cmTC_ec6a7.dir/link.txt --verbose=1
/usr/bin/cc  -DCHECK_FUNCTION_EXISTS=pthread_create    -rdynamic CMakeFiles/cmTC_ec6a7.dir/CheckFunctionExists.c.o  -o cmTC_ec6a7 -lpthreads 
/usr/bin/ld: cannot find -lpthreads
collect2: error: ld returned 1 exit status
CMakeFiles/cmTC_ec6a7.dir/build.make:97: recipe for target 'cmTC_ec6a7' failed
make[1]: *** [cmTC_ec6a7] Error 1
make[1]: Leaving directory '/home/mrc/sf_workspace/SFND_Lidar_Obstacle_Detection/build/CMakeFiles/CMakeTmp'
Makefile:126: recipe for target 'cmTC_ec6a7/fast' failed
make: *** [cmTC_ec6a7/fast] Error 2


